2025/05/13 15:56:15 | Archivo config existente, comprobando formato
2025/05/13 15:56:15 | No hubo cambios: todos los campos existen.
2025/05/13 15:56:15 | Tarea programada para las 10:01 segun config.ini
2025/05/13 15:56:44 | Se ha creado el archivo config
2025/05/13 15:56:44 | Error al manejar cambios en config.ini: 'HOUR'
2025/05/13 15:57:19 | Se ha creado el archivo config
2025/05/13 15:57:19 | Error al manejar cambios en config.ini: 'HOUR'
2025/05/13 15:57:47 | Se ha creado el archivo config
2025/05/13 15:57:47 | Tarea programada para las 17:00 segun config.ini
2025/05/13 16:01:50 | Se ha creado el archivo config
2025/05/13 16:01:50 | Tarea programada para las 17:00 segun config.ini
2025/05/13 16:02:00 | Tarea programada para las 17:00 segun config.ini, esperando...
2025/05/13 16:02:00 | Archivo config existente, comprobando formato
2025/05/13 16:02:00 | No hubo cambios: todos los campos existen.
2025/05/13 16:02:10 | Tarea programada para las 17:00 segun config.ini, esperando...
2025/05/13 16:02:10 | Archivo config existente, comprobando formato
2025/05/13 16:02:10 | No hubo cambios: todos los campos existen.
2025/05/13 16:02:10 | Cancelling job "Job(interval=1, unit=days, do=scheduled_task, args=(), kwargs={})"
2025/05/13 16:02:10 | Tarea anterior cancelada (hora anterior: 17:00)
2025/05/13 16:02:10 | Tarea programada para las 17:02 segun config.ini
